<?xml version="1.0" encoding="UTF-8"?>
<!-- Generated by org.testng.reporters.JUnitReportReporter -->
<testsuite hostname="WKWZTufy4MinpVG" failures="0" tests="1" name="com.learnautomation.testcases.LoginTest" time="0.661" errors="0" timestamp="16 Feb 2023 04:57:47 GMT" skipped="0">
  <testcase classname="com.learnautomation.testcases.LoginTest" name="loginApp" time="0.661"/>
</testsuite> <!-- com.learnautomation.testcases.LoginTest -->
